#
# A fatal error has been detected by the Java Runtime Environment:
#
#  EXCEPTION_ACCESS_VIOLATION (0xc0000005) at pc=0x000000006f3024c9, pid=6152, tid=1352
#
# JRE version: 7.0_07-b11
# Java VM: Java HotSpot(TM) 64-Bit Server VM (23.3-b01 mixed mode windows-amd64 compressed oops)
# Problematic frame:
# V  [jvm.dll+0x3624c9]
#
# Failed to write core dump. Minidumps are not enabled by default on client versions of Windows
#
# If you would like to submit a bug report, please visit:
#   http://bugreport.sun.com/bugreport/crash.jsp
#

---------------  T H R E A D  ---------------

Current thread (0x0000000002117000):  GCTaskThread [stack: 0x0000000005af0000,0x0000000005bf0000] [id=1352]

siginfo: ExceptionCode=0xc0000005, reading address 0x00000000a01e4958

Registers:
RAX=0x00000000000001ad, RBX=0x00000000a01e4958, RCX=0x00000000021b8190, RDX=0x00000000a01e4958
RSP=0x0000000005bef980, RBP=0x000000000e031ea0, RSI=0x00000000021b8190, RDI=0x00000000a2ed9e98
R8 =0x00000000ab607730, R9 =0x00000000ab607730, R10=0x00000000ab608bf8, R11=0x000000000210e860
R12=0x0000000005599581, R13=0x00000000021b8100, R14=0x0000000000000000, R15=0x000000000210e860
RIP=0x000000006f3024c9, EFLAGS=0x0000000000010202

Top of Stack: (sp=0x0000000005bef980)
0x0000000005bef980:   00000000a21e4960 000000000e031ea0
0x0000000005bef990:   00000000021b8190 00000000a2ed9e98
0x0000000005bef9a0:   00000000a01e4958 000000006f302d6c
0x0000000005bef9b0:   00000000021b7ac0 000007fefc9f10dc
0x0000000005bef9c0:   00000000a2ed96ed 000000006f04e1dd
0x0000000005bef9d0:   00000000f35bbc10 00000000a01e4959
0x0000000005bef9e0:   0000000000000000 000000006f2f5efd
0x0000000005bef9f0:   00000000a2ed9e98 000000006f068b83
0x0000000005befa00:   00000000a2ed9e95 00000000a2ed9e95
0x0000000005befa10:   00000000a2ed9e95 00000000a2ed9e94
0x0000000005befa20:   000000000210e6a0 00000000021b8190
0x0000000005befa30:   0000000005599581 00000000a2ed9e98
0x0000000005befa40:   00000000a2ed9e98 00000000055ac6d0
0x0000000005befa50:   00000000055ac6d0 000000006f2f28ce
0x0000000005befa60:   00000000055ac6d0 00000000a2ed9e98
0x0000000005befa70:   00000000a2ed9e98 000007fefc9f133c 

Instructions: (pc=0x000000006f3024c9)
0x000000006f3024a9:   24 70 48 8b 7c 24 78 48 83 c4 40 41 5e 41 5d 41
0x000000006f3024b9:   5c c3 cc cc cc cc cc 40 53 48 83 ec 20 48 8b da
0x000000006f3024c9:   8b 12 4c 8b c1 8b 0d 44 80 2f 00 48 d3 e2 48 03
0x000000006f3024d9:   15 32 80 2f 00 48 8b 02 24 03 3c 03 75 21 4c 8b 


Register to memory mapping:

RAX=0x00000000000001ad is an unknown value
RBX=0x00000000a01e4958 is an unallocated location in the heap
RCX=0x00000000021b8190 is an unknown value
RDX=0x00000000a01e4958 is an unallocated location in the heap
RSP=0x0000000005bef980 is an unknown value
RBP=0x000000000e031ea0 is an unknown value
RSI=0x00000000021b8190 is an unknown value
RDI=0x00000000a2ed9e98 is an oop
java.lang.Class 
 - klass: 'java/lang/Class'
R8 =0x00000000ab607730 is an oop
[I 
 - klass: {type array int}
 - length: 2
R9 =0x00000000ab607730 is an oop
[I 
 - klass: {type array int}
 - length: 2
R10=
[error occurred during error reporting (printing register info), id 0xc0000005]

Stack: [0x0000000005af0000,0x0000000005bf0000],  sp=0x0000000005bef980,  free space=1022k
Native frames: (J=compiled Java code, j=interpreted, Vv=VM code, C=native code)
V  [jvm.dll+0x3624c9]


---------------  P R O C E S S  ---------------

Java Threads: ( => current thread )
  0x00000000004bc800 JavaThread "DestroyJavaVM" [_thread_blocked, id=4072, stack(0x0000000002470000,0x0000000002570000)]
  0x000000000cc1e800 JavaThread "yack" [_thread_blocked, id=4960, stack(0x000000000ee50000,0x000000000ef50000)]
  0x000000000be5b800 JavaThread "yim" [_thread_blocked, id=3488, stack(0x000000000d8a0000,0x000000000d9a0000)]
  0x000000000dfe5800 JavaThread "yo" [_thread_blocked, id=6512, stack(0x000000000dc20000,0x000000000dd20000)]
  0x000000000d5df800 JavaThread "yarg" [_thread_blocked, id=5144, stack(0x000000000d9a0000,0x000000000daa0000)]
  0x000000000a2ac800 JavaThread "Service Thread" daemon [_thread_blocked, id=5684, stack(0x000000000ba50000,0x000000000bb50000)]
  0x000000000a29c800 JavaThread "C2 CompilerThread1" daemon [_thread_blocked, id=5532, stack(0x000000000b460000,0x000000000b560000)]
  0x000000000a296800 JavaThread "C2 CompilerThread0" daemon [_thread_blocked, id=5048, stack(0x000000000b8c0000,0x000000000b9c0000)]
  0x000000000a295000 JavaThread "Attach Listener" daemon [_thread_blocked, id=5968, stack(0x000000000b6f0000,0x000000000b7f0000)]
  0x000000000a28e000 JavaThread "Signal Dispatcher" daemon [_thread_blocked, id=5272, stack(0x000000000b570000,0x000000000b670000)]
  0x00000000021c5800 JavaThread "Finalizer" daemon [_thread_blocked, id=6960, stack(0x000000000b320000,0x000000000b420000)]
  0x00000000021bf000 JavaThread "Reference Handler" daemon [_thread_blocked, id=5628, stack(0x000000000b1e0000,0x000000000b2e0000)]

Other Threads:
  0x000000000a212800 VMThread [stack: 0x000000000b0d0000,0x000000000b1d0000] [id=4820]
  0x000000000a2bf800 WatcherThread [stack: 0x000000000bb80000,0x000000000bc80000] [id=6840]

=>0x0000000002117000 (exited) GCTaskThread [stack: 0x0000000005af0000,0x0000000005bf0000] [id=1352]

VM state:at safepoint (normal execution)

VM Mutex/Monitor currently owned by a thread:  ([mutex/lock_event])
[0x00000000004baf00] Threads_lock - owner thread: 0x000000000a212800
[0x00000000004bb400] Heap_lock - owner thread: 0x000000000cc1e800

Heap
 PSYoungGen      total 314432K, used 313847K [0x00000000e02b0000, 0x0000000100000000, 0x0000000100000000)
  eden space 313600K, 100% used [0x00000000e02b0000,0x00000000f34f0000,0x00000000f34f0000)
  from space 832K, 29% used [0x00000000f34f0000,0x00000000f352df60,0x00000000f35c0000)
  to   space 42688K, 99% used [0x00000000fd650000,0x00000000ffffbd50,0x0000000100000000)
 ParOldGen       total 200448K, used 178211K [0x00000000a0800000, 0x00000000acbc0000, 0x00000000e02b0000)
  object space 200448K, 88% used [0x00000000a0800000,0x00000000ab608c08,0x00000000acbc0000)
 PSPermGen       total 21248K, used 3260K [0x000000009b600000, 0x000000009cac0000, 0x00000000a0800000)
  object space 21248K, 15% used [0x000000009b600000,0x000000009b92f188,0x000000009cac0000)

Card table byte_map: [0x0000000005570000,0x00000000058a0000] byte_map_base: 0x0000000005095000

Polling page: 0x0000000000120000

Code Cache  [0x0000000002570000, 0x00000000027e0000, 0x0000000005570000)
 total_blobs=339 nmethods=148 adapters=142 free_code_cache=48279Kb largest_free_block=49389952

Compilation events (10 events):
Event: 9.418 Thread 0x000000000a29c800  144             java.lang.String::<init> (15 bytes)
Event: 9.418 Thread 0x000000000a29c800 nmethod 144 0x00000000025e3f50 code [0x00000000025e4080, 0x00000000025e40f8]
Event: 9.418 Thread 0x000000000a29c800  145             java.lang.String::valueOf (18 bytes)
Event: 9.420 Thread 0x000000000a29c800 nmethod 145 0x00000000025d15d0 code [0x00000000025d1720, 0x00000000025d1838]
Event: 9.629 Thread 0x000000000a29c800  146             java.io.BufferedWriter::newLine (9 bytes)
Event: 9.630 Thread 0x000000000a29c800 nmethod 146 0x0000000002606e50 code [0x0000000002606fa0, 0x0000000002607048]
Event: 10.047 Thread 0x000000000a296800 nmethod 125 0x0000000002646e50 code [0x00000000026474c0, 0x000000000264db40]
Event: 10.047 Thread 0x000000000a29c800    8 %           com.colin.wielga.Cmp::qc3 @ 42 (1085 bytes)
Event: 10.156 Thread 0x000000000a296800  147             com.colin.wielga.Straight::value (33 bytes)
Event: 10.158 Thread 0x000000000a296800 nmethod 147 0x0000000002606bd0 code [0x0000000002606d00, 0x0000000002606db8]

GC Heap History (10 events):
Event: 2.627 GC heap after
Heap after GC invocations=8 (full 0):
 PSYoungGen      total 196800K, used 384K [0x00000000e02b0000, 0x00000000ec3b0000, 0x0000000100000000)
  eden space 195968K, 0% used [0x00000000e02b0000,0x00000000e02b0000,0x00000000ec210000)
  from space 832K, 46% used [0x00000000ec2e0000,0x00000000ec340000,0x00000000ec3b0000)
  to   space 832K, 0% used [0x00000000ec210000,0x00000000ec210000,0x00000000ec2e0000)
 ParOldGen       total 65216K, used 590K [0x00000000a0800000, 0x00000000a47b0000, 0x00000000e02b0000)
  object space 65216K, 0% used [0x00000000a0800000,0x00000000a0893880,0x00000000a47b0000)
 PSPermGen       total 21248K, used 3135K [0x000000009b600000, 0x000000009cac0000, 0x00000000a0800000)
  object space 21248K, 14% used [0x000000009b600000,0x000000009b90ffa0,0x000000009cac0000)
}
Event: 3.162 GC heap before
{Heap before GC invocations=9 (full 0):
 PSYoungGen      total 196800K, used 196352K [0x00000000e02b0000, 0x00000000ec3b0000, 0x0000000100000000)
  eden space 195968K, 100% used [0x00000000e02b0000,0x00000000ec210000,0x00000000ec210000)
  from space 832K, 46% used [0x00000000ec2e0000,0x00000000ec340000,0x00000000ec3b0000)
  to   space 832K, 0% used [0x00000000ec210000,0x00000000ec210000,0x00000000ec2e0000)
 ParOldGen       total 65216K, used 590K [0x00000000a0800000, 0x00000000a47b0000, 0x00000000e02b0000)
  object space 65216K, 0% used [0x00000000a0800000,0x00000000a0893880,0x00000000a47b0000)
 PSPermGen       total 21248K, used 3161K [0x000000009b600000, 0x000000009cac0000, 0x00000000a0800000)
  object space 21248K, 14% used [0x000000009b600000,0x000000009b916660,0x000000009cac0000)
Event: 3.218 GC heap after
Heap after GC invocations=9 (full 0):
 PSYoungGen      total 196800K, used 624K [0x00000000e02b0000, 0x00000000f3690000, 0x0000000100000000)
  eden space 195968K, 0% used [0x00000000e02b0000,0x00000000e02b0000,0x00000000ec210000)
  from space 832K, 75% used [0x00000000ec210000,0x00000000ec2ac120,0x00000000ec2e0000)
  to   space 832K, 0% used [0x00000000f35c0000,0x00000000f35c0000,0x00000000f3690000)
 ParOldGen       total 65216K, used 702K [0x00000000a0800000, 0x00000000a47b0000, 0x00000000e02b0000)
  object space 65216K, 1% used [0x00000000a0800000,0x00000000a08af880,0x00000000a47b0000)
 PSPermGen       total 21248K, used 3161K [0x000000009b600000, 0x000000009cac0000, 0x00000000a0800000)
  object space 21248K, 14% used [0x000000009b600000,0x000000009b916660,0x000000009cac0000)
}
Event: 3.766 GC heap before
{Heap before GC invocations=10 (full 0):
 PSYoungGen      total 196800K, used 196592K [0x00000000e02b0000, 0x00000000f3690000, 0x0000000100000000)
  eden space 195968K, 100% used [0x00000000e02b0000,0x00000000ec210000,0x00000000ec210000)
  from space 832K, 75% used [0x00000000ec210000,0x00000000ec2ac120,0x00000000ec2e0000)
  to   space 832K, 0% used [0x00000000f35c0000,0x00000000f35c0000,0x00000000f3690000)
 ParOldGen       total 65216K, used 702K [0x00000000a0800000, 0x00000000a47b0000, 0x00000000e02b0000)
  object space 65216K, 1% used [0x00000000a0800000,0x00000000a08af880,0x00000000a47b0000)
 PSPermGen       total 21248K, used 3173K [0x000000009b600000, 0x000000009cac0000, 0x00000000a0800000)
  object space 21248K, 14% used [0x000000009b600000,0x000000009b919550,0x000000009cac0000)
Event: 3.768 GC heap after
Heap after GC invocations=10 (full 0):
 PSYoungGen      total 314432K, used 608K [0x00000000e02b0000, 0x00000000f3690000, 0x0000000100000000)
  eden space 313600K, 0% used [0x00000000e02b0000,0x00000000e02b0000,0x00000000f34f0000)
  from space 832K, 73% used [0x00000000f35c0000,0x00000000f3658000,0x00000000f3690000)
  to   space 832K, 0% used [0x00000000f34f0000,0x00000000f34f0000,0x00000000f35c0000)
 ParOldGen       total 65216K, used 879K [0x00000000a0800000, 0x00000000a47b0000, 0x00000000e02b0000)
  object space 65216K, 1% used [0x00000000a0800000,0x00000000a08dbc20,0x00000000a47b0000)
 PSPermGen       total 21248K, used 3173K [0x000000009b600000, 0x000000009cac0000, 0x00000000a0800000)
  object space 21248K, 14% used [0x000000009b600000,0x000000009b919550,0x000000009cac0000)
}
Event: 6.351 GC heap before
{Heap before GC invocations=11 (full 0):
 PSYoungGen      total 314432K, used 314208K [0x00000000e02b0000, 0x00000000f3690000, 0x0000000100000000)
  eden space 313600K, 100% used [0x00000000e02b0000,0x00000000f34f0000,0x00000000f34f0000)
  from space 832K, 73% used [0x00000000f35c0000,0x00000000f3658000,0x00000000f3690000)
  to   space 832K, 0% used [0x00000000f34f0000,0x00000000f34f0000,0x00000000f35c0000)
 ParOldGen       total 65216K, used 879K [0x00000000a0800000, 0x00000000a47b0000, 0x00000000e02b0000)
  object space 65216K, 1% used [0x00000000a0800000,0x00000000a08dbc20,0x00000000a47b0000)
 PSPermGen       total 21248K, used 3213K [0x000000009b600000, 0x000000009cac0000, 0x00000000a0800000)
  object space 21248K, 15% used [0x000000009b600000,0x000000009b9237c8,0x000000009cac0000)
Event: 6.702 GC heap after
Heap after GC invocations=11 (full 0):
 PSYoungGen      total 314432K, used 815K [0x00000000e02b0000, 0x0000000100000000, 0x0000000100000000)
  eden space 313600K, 0% used [0x00000000e02b0000,0x00000000e02b0000,0x00000000f34f0000)
  from space 832K, 97% used [0x00000000f34f0000,0x00000000f35bbc10,0x00000000f35c0000)
  to   space 42688K, 0% used [0x00000000fd650000,0x00000000fd650000,0x0000000100000000)
 ParOldGen       total 113984K, used 113836K [0x00000000a0800000, 0x00000000a7750000, 0x00000000e02b0000)
  object space 113984K, 99% used [0x00000000a0800000,0x00000000a772b058,0x00000000a7750000)
 PSPermGen       total 21248K, used 3213K [0x000000009b600000, 0x000000009cac0000, 0x00000000a0800000)
  object space 21248K, 15% used [0x000000009b600000,0x000000009b9237c8,0x000000009cac0000)
}
Event: 6.702 GC heap before
{Heap before GC invocations=12 (full 1):
 PSYoungGen      total 314432K, used 815K [0x00000000e02b0000, 0x0000000100000000, 0x0000000100000000)
  eden space 313600K, 0% used [0x00000000e02b0000,0x00000000e02b0000,0x00000000f34f0000)
  from space 832K, 97% used [0x00000000f34f0000,0x00000000f35bbc10,0x00000000f35c0000)
  to   space 42688K, 0% used [0x00000000fd650000,0x00000000fd650000,0x0000000100000000)
 ParOldGen       total 113984K, used 113836K [0x00000000a0800000, 0x00000000a7750000, 0x00000000e02b0000)
  object space 113984K, 99% used [0x00000000a0800000,0x00000000a772b058,0x00000000a7750000)
 PSPermGen       total 21248K, used 3213K [0x000000009b600000, 0x000000009cac0000, 0x00000000a0800000)
  object space 21248K, 15% used [0x000000009b600000,0x000000009b9237c8,0x000000009cac0000)
Event: 8.593 GC heap after
Heap after GC invocations=12 (full 1):
 PSYoungGen      total 314432K, used 247K [0x00000000e02b0000, 0x0000000100000000, 0x0000000100000000)
  eden space 313600K, 0% used [0x00000000e02b0000,0x00000000e02b0000,0x00000000f34f0000)
  from space 832K, 29% used [0x00000000f34f0000,0x00000000f352df60,0x00000000f35c0000)
  to   space 42688K, 0% used [0x00000000fd650000,0x00000000fd650000,0x0000000100000000)
 ParOldGen       total 200448K, used 113971K [0x00000000a0800000, 0x00000000acbc0000, 0x00000000e02b0000)
  object space 200448K, 56% used [0x00000000a0800000,0x00000000a774cca8,0x00000000acbc0000)
 PSPermGen       total 21248K, used 3212K [0x000000009b600000, 0x000000009cac0000, 0x00000000a0800000)
  object space 21248K, 15% used [0x000000009b600000,0x000000009b923000,0x000000009cac0000)
}
Event: 10.277 GC heap before
{Heap before GC invocations=13 (full 1):
 PSYoungGen      total 314432K, used 313847K [0x00000000e02b0000, 0x0000000100000000, 0x0000000100000000)
  eden space 313600K, 100% used [0x00000000e02b0000,0x00000000f34f0000,0x00000000f34f0000)
  from space 832K, 29% used [0x00000000f34f0000,0x00000000f352df60,0x00000000f35c0000)
  to   space 42688K, 0% used [0x00000000fd650000,0x00000000fd650000,0x0000000100000000)
 ParOldGen       total 200448K, used 113971K [0x00000000a0800000, 0x00000000acbc0000, 0x00000000e02b0000)
  object space 200448K, 56% used [0x00000000a0800000,0x00000000a774cca8,0x00000000acbc0000)
 PSPermGen       total 21248K, used 3260K [0x000000009b600000, 0x000000009cac0000, 0x00000000a0800000)
  object space 21248K, 15% used [0x000000009b600000,0x000000009b92f188,0x000000009cac0000)

Deoptimization events (10 events):
Event: 0.660 Thread 0x00000000004bc800 Uncommon trap -83 fr.pc 0x00000000025e29a4
Event: 0.840 Thread 0x00000000004bc800 Uncommon trap 43 fr.pc 0x00000000025e4cf8
Event: 1.070 Thread 0x00000000004bc800 Uncommon trap -83 fr.pc 0x00000000025fc1bc
Event: 4.110 Thread 0x00000000004bc800 Uncommon trap -34 fr.pc 0x00000000026174c0
Event: 6.101 Thread 0x00000000004bc800 Uncommon trap -34 fr.pc 0x00000000026174c0
Event: 6.131 Thread 0x00000000004bc800 Uncommon trap 484 fr.pc 0x000000000260b65c
Event: 6.132 Thread 0x00000000004bc800 Uncommon trap -34 fr.pc 0x00000000025dc1d0
Event: 6.135 Thread 0x000000000be5b800 Uncommon trap -34 fr.pc 0x00000000025dc1d0
Event: 6.137 Thread 0x000000000be5b800 Uncommon trap -34 fr.pc 0x00000000025dc1d0
Event: 9.245 Thread 0x000000000be5b800 Uncommon trap -34 fr.pc 0x00000000025dc1d0

Internal exceptions (10 events):
Event: 0.092 Thread 0x00000000004bc800 Threw 0x00000000e02fd910 at C:\jdk7u1_64p\jdk7u7\hotspot\src\share\vm\prims\jvm.cpp:1166
Event: 0.102 Thread 0x00000000004bc800 Threw 0x00000000e030ad18 at C:\jdk7u1_64p\jdk7u7\hotspot\src\share\vm\prims\jvm.cpp:1166
Event: 0.122 Thread 0x00000000004bc800 Threw 0x00000000e032d1a8 at C:\jdk7u1_64p\jdk7u7\hotspot\src\share\vm\prims\jvm.cpp:1166
Event: 0.122 Thread 0x00000000004bc800 Threw 0x00000000e032d2d0 at C:\jdk7u1_64p\jdk7u7\hotspot\src\share\vm\prims\jvm.cpp:1166
Event: 0.123 Thread 0x00000000004bc800 Threw 0x00000000e03307d8 at C:\jdk7u1_64p\jdk7u7\hotspot\src\share\vm\prims\jvm.cpp:1166
Event: 0.123 Thread 0x00000000004bc800 Threw 0x00000000e0330900 at C:\jdk7u1_64p\jdk7u7\hotspot\src\share\vm\prims\jvm.cpp:1166
Event: 6.131 Thread 0x00000000004bc800 Threw 0x00000000eb890740 at C:\jdk7u1_64p\jdk7u7\hotspot\src\share\vm\prims\jvm.cpp:1166
Event: 6.134 Thread 0x000000000be5b800 Threw 0x00000000ec6ca4c0 at C:\jdk7u1_64p\jdk7u7\hotspot\src\share\vm\prims\jvm.cpp:1166
Event: 6.136 Thread 0x000000000be5b800 Threw 0x00000000ec6d69f0 at C:\jdk7u1_64p\jdk7u7\hotspot\src\share\vm\prims\jvm.cpp:1166
Event: 9.243 Thread 0x000000000be5b800 Threw 0x00000000eabe2160 at C:\jdk7u1_64p\jdk7u7\hotspot\src\share\vm\prims\jvm.cpp:1166

Events (10 events):
Event: 9.245 Thread 0x000000000be5b800 DEOPT UNPACKING pc=0x00000000025a9164 sp=0x000000000d99dba0 mode 2
Event: 9.246 loading class 0x0000000002151be0
Event: 9.246 loading class 0x0000000002151be0 done
Event: 9.246 loading class 0x00000000021ae450
Event: 9.246 loading class 0x00000000021ae450 done
Event: 9.294 Thread 0x000000000a29c800 flushing nmethod 0x00000000025d9c90
Event: 9.294 Thread 0x000000000a29c800 flushing nmethod 0x00000000025da210
Event: 9.294 Thread 0x000000000a29c800 flushing nmethod 0x00000000025db9d0
Event: 9.364 Thread 0x000000000a29c800 flushing nmethod 0x00000000025e3cd0
Event: 10.275 Executing VM operation: ParallelGCFailedAllocation


Dynamic libraries:
0x000000013fc10000 - 0x000000013fc44000 	C:\Program Files\Java\jre7\bin\javaw.exe
0x0000000077140000 - 0x00000000772e9000 	C:\Windows\SYSTEM32\ntdll.dll
0x0000000076c70000 - 0x0000000076d8f000 	C:\Windows\system32\kernel32.dll
0x000007fefc9f0000 - 0x000007fefca5b000 	C:\Windows\system32\KERNELBASE.dll
0x000007fefdca0000 - 0x000007fefdd7b000 	C:\Windows\system32\ADVAPI32.dll
0x000007fefcd10000 - 0x000007fefcdaf000 	C:\Windows\system32\msvcrt.dll
0x000007fefcef0000 - 0x000007fefcf0f000 	C:\Windows\SYSTEM32\sechost.dll
0x000007fefe570000 - 0x000007fefe69d000 	C:\Windows\system32\RPCRT4.dll
0x0000000077040000 - 0x000000007713a000 	C:\Windows\system32\USER32.dll
0x000007fefe720000 - 0x000007fefe787000 	C:\Windows\system32\GDI32.dll
0x000007fefcee0000 - 0x000007fefceee000 	C:\Windows\system32\LPK.dll
0x000007fefdd80000 - 0x000007fefde49000 	C:\Windows\system32\USP10.dll
0x000007fefb560000 - 0x000007fefb754000 	C:\Windows\WinSxS\amd64_microsoft.windows.common-controls_6595b64144ccf1df_6.0.7601.17514_none_fa396087175ac9ac\COMCTL32.dll
0x000007fefe4f0000 - 0x000007fefe561000 	C:\Windows\system32\SHLWAPI.dll
0x000007fefde50000 - 0x000007fefde7e000 	C:\Windows\system32\IMM32.DLL
0x000007fefe1c0000 - 0x000007fefe2c9000 	C:\Windows\system32\MSCTF.dll
0x000000006f6c0000 - 0x000000006f791000 	C:\Program Files\Java\jre7\bin\msvcr100.dll
0x000000006efa0000 - 0x000000006f6bf000 	C:\Program Files\Java\jre7\bin\server\jvm.dll
0x000007fef46c0000 - 0x000007fef46c9000 	C:\Windows\system32\WSOCK32.dll
0x000007fefce90000 - 0x000007fefcedd000 	C:\Windows\system32\WS2_32.dll
0x000007fefe2d0000 - 0x000007fefe2d8000 	C:\Windows\system32\NSI.dll
0x000007fefa470000 - 0x000007fefa4ab000 	C:\Windows\system32\WINMM.dll
0x0000000077310000 - 0x0000000077317000 	C:\Windows\system32\PSAPI.DLL
0x00000000738e0000 - 0x00000000738ef000 	C:\Program Files\Java\jre7\bin\verify.dll
0x0000000073880000 - 0x00000000738a8000 	C:\Program Files\Java\jre7\bin\java.dll
0x0000000070ab0000 - 0x0000000070ac5000 	C:\Program Files\Java\jre7\bin\zip.dll
0x000007fef86a0000 - 0x000007fef87c5000 	C:\Windows\system32\dbghelp.dll

VM Arguments:
jvm_args: -Dfile.encoding=Cp1252 
java_command: com.colin.wielga.Runner
Launcher Type: SUN_STANDARD

Environment Variables:
CLASSPATH=.;C:\Program Files (x86)\Java\jre6\lib\ext\QTJava.zip
PATH=C:\Program Files\Common Files\Microsoft Shared\Windows Live;C:\Program Files (x86)\Common Files\Microsoft Shared\Windows Live;C:\Windows\system32;C:\Windows;C:\Windows\System32\Wbem;C:\Windows\System32\WindowsPowerShell\v1.0\;C:\Program Files (x86)\ATI Technologies\ATI.ACE\Core-Static;c:\Program Files (x86)\Microsoft SQL Server\100\Tools\Binn\;c:\Program Files (x86)\Microsoft SQL Server\100\DTS\Binn\;C:\Program Files (x86)\Windows Live\Shared;c:\Program Files\Microsoft SQL Server\100\Tools\Binn\;c:\Program Files\Microsoft SQL Server\100\DTS\Binn\;c:\Program Files (x86)\Microsoft ASP.NET\ASP.NET Web Pages\v1.0\;C:\Users\Colin\AppData\Roaming\npm;C:\Program Files (x86)\nodejs\;C:\Users\Colin\Documents\School\Thesis\hla;C:\Program Files (x86)\QuickTime\QTSystem\
USERNAME=Colin
OS=Windows_NT
PROCESSOR_IDENTIFIER=Intel64 Family 6 Model 23 Stepping 10, GenuineIntel



---------------  S Y S T E M  ---------------

OS: Windows 7 , 64 bit Build 7601 Service Pack 1

CPU:total 4 (4 cores per cpu, 1 threads per core) family 6 model 23 stepping 10, cmov, cx8, fxsr, mmx, sse, sse2, sse3, ssse3, sse4.1, tsc

Memory: 4k page, physical 6257856k(2325772k free), swap 12513860k(7455688k free)

vm_info: Java HotSpot(TM) 64-Bit Server VM (23.3-b01) for windows-amd64 JRE (1.7.0_07-b11), built on Sep  7 2012 01:19:25 by "java_re" with unknown MS VC++:1600

time: Mon Jan 21 15:34:37 2013
elapsed time: 11 seconds

