#
# A fatal error has been detected by the Java Runtime Environment:
#
#  EXCEPTION_ACCESS_VIOLATION (0xc0000005) at pc=0x000000006c7be291, pid=4800, tid=1460
#
# JRE version: 7.0_07-b11
# Java VM: Java HotSpot(TM) 64-Bit Server VM (23.3-b01 mixed mode windows-amd64 compressed oops)
# Problematic frame:
# V  [jvm.dll+0xae291]
#
# Failed to write core dump. Minidumps are not enabled by default on client versions of Windows
#
# If you would like to submit a bug report, please visit:
#   http://bugreport.sun.com/bugreport/crash.jsp
#

---------------  T H R E A D  ---------------

Current thread (0x0000000001db7000):  GCTaskThread [stack: 0x0000000002060000,0x0000000002160000] [id=1460]

siginfo: ExceptionCode=0xc0000005, reading address 0xffffffffffffffff

Registers:
RAX=0x0000000005cc0000, RBX=0x0000000093601190, RCX=0x0000000000000000, RDX=0x000000000d602240
RSP=0x000000000215f850, RBP=0x000000000215fc60, RSI=0x000000000d606fc8, RDI=0x0000000001e57a10
R8 =0x0000000000000032, R9 =0x007ffffffffc0008, R10=0x0000000000000d69, R11=0x00000000b8612b20
R12=0x0000000001ed7c80, R13=0x000000000215fc80, R14=0x0000000001db78e0, R15=0x0000000001db78f0
RIP=0x000000006c7be291, EFLAGS=0x0000000000010202

Top of Stack: (sp=0x000000000215f850)
0x000000000215f850:   00000000b8612b20 000000000215f940
0x000000000215f860:   0000000001db78e0 000000000215f910
0x000000000215f870:   000000000d602240 000000006c8bcccf
0x000000000215f880:   000000000d5fefe0 000000000215fc60
0x000000000215f890:   000000000215f940 000000000215fc80
0x000000000215f8a0:   0000000001edc800 000000006c8e45a2
0x000000000215f8b0:   0000000001e57a10 0000000001de65b0
0x000000000215f8c0:   000000000215fc60 0000000001db3080
0x000000000215f8d0:   000000000215fc01 0000000001e580e0
0x000000000215f8e0:   000000000b03f240 0000000002290632
0x000000000215f8f0:   00000000022904d0 0000000000000000
0x000000000215f900:   000000000b03f340 000000000b03f260
0x000000000215f910:   000000000b03f240 0000000002290632
0x000000000215f920:   00000000022904d0 0000000000000000
0x000000000215f930:   000000000b03f340 000000000b03f260
0x000000000215f940:   000000000b03f340 000000000b03f260 

Instructions: (pc=0x000000006c7be291)
0x000000006c7be271:   8b 64 60 00 49 c1 e9 03 49 d3 e9 41 0f b6 c1 49
0x000000006c7be281:   c1 e9 06 24 3f 44 0f b6 c0 48 8b 05 7f 64 60 00
0x000000006c7be291:   4a 8b 0c c8 4c 0f a3 c1 72 17 48 8b cb e8 6d fc
0x000000006c7be2a1:   ff ff 84 c0 74 0b 48 8b d3 48 8b cf e8 4e ff ff 


Register to memory mapping:

RAX=0x0000000005cc0000 is an unknown value
RBX=0x0000000093601190 is an unknown value
RCX=0x0000000000000000 is an unknown value
RDX=0x000000000d602240 is an unknown value
RSP=0x000000000215f850 is an unknown value
RBP=0x000000000215fc60 is an unknown value
RSI=0x000000000d606fc8 is an unknown value
RDI=0x0000000001e57a10 is an unknown value
R8 =0x0000000000000032 is an unknown value
R9 =0x007ffffffffc0008 is an unknown value
R10=0x0000000000000d69 is an unknown value
R11=0x00000000b8612b20 is an oop
[[I 
 - klass: {type array int}[]
 - length: 18000000
R12=0x0000000001ed7c80 is an unknown value
R13=0x000000000215fc80 is an unknown value
R14=0x0000000001db78e0 is an unknown value
R15=0x0000000001db78f0 is an unknown value


Stack: [0x0000000002060000,0x0000000002160000],  sp=0x000000000215f850,  free space=1022k
Native frames: (J=compiled Java code, j=interpreted, Vv=VM code, C=native code)
V  [jvm.dll+0xae291]


---------------  P R O C E S S  ---------------

Java Threads: ( => current thread )
  0x0000000009f15000 JavaThread "Service Thread" daemon [_thread_blocked, id=6040, stack(0x000000000b5a0000,0x000000000b6a0000)]
  0x0000000009f0c800 JavaThread "C2 CompilerThread1" daemon [_thread_blocked, id=300, stack(0x000000000b890000,0x000000000b990000)]
  0x0000000009f06800 JavaThread "C2 CompilerThread0" daemon [_thread_blocked, id=4984, stack(0x000000000b6b0000,0x000000000b7b0000)]
  0x0000000009f05000 JavaThread "Attach Listener" daemon [_thread_blocked, id=5556, stack(0x000000000b410000,0x000000000b510000)]
  0x0000000009efe000 JavaThread "Signal Dispatcher" daemon [_thread_blocked, id=1144, stack(0x000000000b2f0000,0x000000000b3f0000)]
  0x0000000001e65800 JavaThread "Finalizer" daemon [_thread_blocked, id=3144, stack(0x000000000b0f0000,0x000000000b1f0000)]
  0x0000000001e5f000 JavaThread "Reference Handler" daemon [_thread_blocked, id=3232, stack(0x000000000af40000,0x000000000b040000)]
  0x0000000001edc800 JavaThread "main" [_thread_blocked, id=6056, stack(0x0000000002190000,0x0000000002290000)]

Other Threads:
  0x0000000009e82800 VMThread [stack: 0x000000000ad90000,0x000000000ae90000] [id=3860]
  0x0000000009f20800 WatcherThread [stack: 0x000000000b9a0000,0x000000000baa0000] [id=572]

=>0x0000000001db7000 (exited) GCTaskThread [stack: 0x0000000002060000,0x0000000002160000] [id=1460]

VM state:at safepoint (normal execution)

VM Mutex/Monitor currently owned by a thread:  ([mutex/lock_event])
[0x0000000001edae30] Threads_lock - owner thread: 0x0000000009e82800
[0x0000000001edb330] Heap_lock - owner thread: 0x0000000001edc800

Heap
 PSYoungGen      total 347712K, used 173824K [0x00000000e02b0000, 0x0000000100000000, 0x0000000100000000)
  eden space 173888K, 0% used [0x00000000e02b0000,0x00000000e02b0000,0x00000000eac80000)
  from space 173824K, 100% used [0x00000000eac80000,0x00000000f5640000,0x00000000f5640000)
  to   space 173824K, 0% used [0x00000000f5640000,0x00000000f5640000,0x0000000100000000)
 ParOldGen       total 759040K, used 565595K [0x00000000a0800000, 0x00000000ced40000, 0x00000000e02b0000)
  object space 759040K, 74% used [0x00000000a0800000,0x00000000c3056d30,0x00000000ced40000)
 PSPermGen       total 21248K, used 3231K [0x000000009b600000, 0x000000009cac0000, 0x00000000a0800000)
  object space 21248K, 15% used [0x000000009b600000,0x000000009b927e18,0x000000009cac0000)

Card table byte_map: [0x0000000005290000,0x00000000055c0000] byte_map_base: 0x0000000004db5000

Polling page: 0x0000000000190000

Code Cache  [0x0000000002290000, 0x0000000002500000, 0x0000000005290000)
 total_blobs=313 nmethods=123 adapters=141 free_code_cache=48254Kb largest_free_block=49377152

Compilation events (10 events):
Event: 468.809 Thread 0x0000000009f06800  113             com.colin.wielga.StraightCoexistArray::set (594 bytes)
Event: 468.876 Thread 0x0000000009f06800 nmethod 113 0x0000000002355dd0 code [0x0000000002355fc0, 0x0000000002357608]
Event: 899.787 Thread 0x0000000009f0c800  114             com.colin.wielga.StraightCoexistArray::insert (10 bytes)
Event: 899.791 Thread 0x0000000009f0c800 nmethod 114 0x0000000002355650 code [0x00000000023557a0, 0x0000000002355aa8]
Event: 2472.941 Thread 0x0000000009f06800  115             com.colin.wielga.BestResult::<init> (30 bytes)
Event: 2472.942 Thread 0x0000000009f06800 nmethod 115 0x00000000022f2850 code [0x00000000022f2980, 0x00000000022f29f8]
Event: 4733.084 Thread 0x0000000009f0c800  116             java.nio.Buffer::<init> (121 bytes)
Event: 4733.147 Thread 0x0000000009f0c800 nmethod 116 0x00000000023552d0 code [0x0000000002355420, 0x00000000023554f8]
Event: 4774.525 Thread 0x0000000009f06800  117             java.nio.Buffer::flip (20 bytes)
Event: 4774.526 Thread 0x0000000009f06800 nmethod 117 0x00000000022f4210 code [0x00000000022f4340, 0x00000000022f4398]

GC Heap History (10 events):
Event: 5237.733 GC heap after
Heap after GC invocations=29 (full 5):
 PSYoungGen      total 347712K, used 173824K [0x00000000e02b0000, 0x0000000100000000, 0x0000000100000000)
  eden space 173888K, 0% used [0x00000000e02b0000,0x00000000e02b0000,0x00000000eac80000)
  from space 173824K, 100% used [0x00000000f5640000,0x0000000100000000,0x0000000100000000)
  to   space 173824K, 0% used [0x00000000eac80000,0x00000000eac80000,0x00000000f5640000)
 ParOldGen       total 827136K, used 649670K [0x00000000a0800000, 0x00000000d2fc0000, 0x00000000e02b0000)
  object space 827136K, 78% used [0x00000000a0800000,0x00000000c8271b80,0x00000000d2fc0000)
 PSPermGen       total 21248K, used 3231K [0x000000009b600000, 0x000000009cac0000, 0x00000000a0800000)
  object space 21248K, 15% used [0x000000009b600000,0x000000009b927e18,0x000000009cac0000)
}
Event: 5237.733 GC heap before
{Heap before GC invocations=30 (full 6):
 PSYoungGen      total 347712K, used 173824K [0x00000000e02b0000, 0x0000000100000000, 0x0000000100000000)
  eden space 173888K, 0% used [0x00000000e02b0000,0x00000000e02b0000,0x00000000eac80000)
  from space 173824K, 100% used [0x00000000f5640000,0x0000000100000000,0x0000000100000000)
  to   space 173824K, 0% used [0x00000000eac80000,0x00000000eac80000,0x00000000f5640000)
 ParOldGen       total 827136K, used 649670K [0x00000000a0800000, 0x00000000d2fc0000, 0x00000000e02b0000)
  object space 827136K, 78% used [0x00000000a0800000,0x00000000c8271b80,0x00000000d2fc0000)
 PSPermGen       total 21248K, used 3231K [0x000000009b600000, 0x000000009cac0000, 0x00000000a0800000)
  object space 21248K, 15% used [0x000000009b600000,0x000000009b927e18,0x000000009cac0000)
Event: 5245.754 GC heap after
Heap after GC invocations=30 (full 6):
 PSYoungGen      total 347712K, used 0K [0x00000000e02b0000, 0x0000000100000000, 0x0000000100000000)
  eden space 173888K, 0% used [0x00000000e02b0000,0x00000000e02b0000,0x00000000eac80000)
  from space 173824K, 0% used [0x00000000f5640000,0x00000000f5640000,0x0000000100000000)
  to   space 173824K, 0% used [0x00000000eac80000,0x00000000eac80000,0x00000000f5640000)
 ParOldGen       total 759040K, used 391034K [0x00000000a0800000, 0x00000000ced40000, 0x00000000e02b0000)
  object space 759040K, 51% used [0x00000000a0800000,0x00000000b85deb20,0x00000000ced40000)
 PSPermGen       total 21248K, used 3231K [0x000000009b600000, 0x000000009cac0000, 0x00000000a0800000)
  object space 21248K, 15% used [0x000000009b600000,0x000000009b927e18,0x000000009cac0000)
}
Event: 5252.037 GC heap before
{Heap before GC invocations=31 (full 6):
 PSYoungGen      total 347712K, used 142567K [0x00000000e02b0000, 0x0000000100000000, 0x0000000100000000)
  eden space 173888K, 81% used [0x00000000e02b0000,0x00000000e8de9d48,0x00000000eac80000)
  from space 173824K, 0% used [0x00000000f5640000,0x00000000f5640000,0x0000000100000000)
  to   space 173824K, 0% used [0x00000000eac80000,0x00000000eac80000,0x00000000f5640000)
 ParOldGen       total 759040K, used 391034K [0x00000000a0800000, 0x00000000ced40000, 0x00000000e02b0000)
  object space 759040K, 51% used [0x00000000a0800000,0x00000000b85deb20,0x00000000ced40000)
 PSPermGen       total 21248K, used 3231K [0x000000009b600000, 0x000000009cac0000, 0x00000000a0800000)
  object space 21248K, 15% used [0x000000009b600000,0x000000009b927e18,0x000000009cac0000)
Event: 5252.144 GC heap after
Heap after GC invocations=31 (full 6):
 PSYoungGen      total 347712K, used 0K [0x00000000e02b0000, 0x0000000100000000, 0x0000000100000000)
  eden space 173888K, 0% used [0x00000000e02b0000,0x00000000e02b0000,0x00000000eac80000)
  from space 173824K, 0% used [0x00000000eac80000,0x00000000eac80000,0x00000000f5640000)
  to   space 173824K, 0% used [0x00000000f5640000,0x00000000f5640000,0x0000000100000000)
 ParOldGen       total 759040K, used 391034K [0x00000000a0800000, 0x00000000ced40000, 0x00000000e02b0000)
  object space 759040K, 51% used [0x00000000a0800000,0x00000000b85deb20,0x00000000ced40000)
 PSPermGen       total 21248K, used 3231K [0x000000009b600000, 0x000000009cac0000, 0x00000000a0800000)
  object space 21248K, 15% used [0x000000009b600000,0x000000009b927e18,0x000000009cac0000)
}
Event: 5252.524 GC heap before
{Heap before GC invocations=32 (full 6):
 PSYoungGen      total 347712K, used 173888K [0x00000000e02b0000, 0x0000000100000000, 0x0000000100000000)
  eden space 173888K, 100% used [0x00000000e02b0000,0x00000000eac80000,0x00000000eac80000)
  from space 173824K, 0% used [0x00000000eac80000,0x00000000eac80000,0x00000000f5640000)
  to   space 173824K, 0% used [0x00000000f5640000,0x00000000f5640000,0x0000000100000000)
 ParOldGen       total 759040K, used 391034K [0x00000000a0800000, 0x00000000ced40000, 0x00000000e02b0000)
  object space 759040K, 51% used [0x00000000a0800000,0x00000000b85deb20,0x00000000ced40000)
 PSPermGen       total 21248K, used 3231K [0x000000009b600000, 0x000000009cac0000, 0x00000000a0800000)
  object space 21248K, 15% used [0x000000009b600000,0x000000009b927e18,0x000000009cac0000)
Event: 5253.077 GC heap after
Heap after GC invocations=32 (full 6):
 PSYoungGen      total 347712K, used 173800K [0x00000000e02b0000, 0x0000000100000000, 0x0000000100000000)
  eden space 173888K, 0% used [0x00000000e02b0000,0x00000000e02b0000,0x00000000eac80000)
  from space 173824K, 99% used [0x00000000f5640000,0x00000000ffffa210,0x0000000100000000)
  to   space 173824K, 0% used [0x00000000eac80000,0x00000000eac80000,0x00000000f5640000)
 ParOldGen       total 759040K, used 391242K [0x00000000a0800000, 0x00000000ced40000, 0x00000000e02b0000)
  object space 759040K, 51% used [0x00000000a0800000,0x00000000b8612b20,0x00000000ced40000)
 PSPermGen       total 21248K, used 3231K [0x000000009b600000, 0x000000009cac0000, 0x00000000a0800000)
  object space 21248K, 15% used [0x000000009b600000,0x000000009b927e18,0x000000009cac0000)
}
Event: 5253.697 GC heap before
{Heap before GC invocations=33 (full 6):
 PSYoungGen      total 347712K, used 347688K [0x00000000e02b0000, 0x0000000100000000, 0x0000000100000000)
  eden space 173888K, 100% used [0x00000000e02b0000,0x00000000eac80000,0x00000000eac80000)
  from space 173824K, 99% used [0x00000000f5640000,0x00000000ffffa210,0x0000000100000000)
  to   space 173824K, 0% used [0x00000000eac80000,0x00000000eac80000,0x00000000f5640000)
 ParOldGen       total 759040K, used 391242K [0x00000000a0800000, 0x00000000ced40000, 0x00000000e02b0000)
  object space 759040K, 51% used [0x00000000a0800000,0x00000000b8612b20,0x00000000ced40000)
 PSPermGen       total 21248K, used 3231K [0x000000009b600000, 0x000000009cac0000, 0x00000000a0800000)
  object space 21248K, 15% used [0x000000009b600000,0x000000009b927e18,0x000000009cac0000)
Event: 5254.921 GC heap after
Heap after GC invocations=33 (full 6):
 PSYoungGen      total 347712K, used 173824K [0x00000000e02b0000, 0x0000000100000000, 0x0000000100000000)
  eden space 173888K, 0% used [0x00000000e02b0000,0x00000000e02b0000,0x00000000eac80000)
  from space 173824K, 100% used [0x00000000eac80000,0x00000000f5640000,0x00000000f5640000)
  to   space 173824K, 0% used [0x00000000f5640000,0x00000000f5640000,0x0000000100000000)
 ParOldGen       total 759040K, used 565595K [0x00000000a0800000, 0x00000000ced40000, 0x00000000e02b0000)
  object space 759040K, 74% used [0x00000000a0800000,0x00000000c3056d30,0x00000000ced40000)
 PSPermGen       total 21248K, used 3231K [0x000000009b600000, 0x000000009cac0000, 0x00000000a0800000)
  object space 21248K, 15% used [0x000000009b600000,0x000000009b927e18,0x000000009cac0000)
}
Event: 5254.921 GC heap before
{Heap before GC invocations=34 (full 7):
 PSYoungGen      total 347712K, used 173824K [0x00000000e02b0000, 0x0000000100000000, 0x0000000100000000)
  eden space 173888K, 0% used [0x00000000e02b0000,0x00000000e02b0000,0x00000000eac80000)
  from space 173824K, 100% used [0x00000000eac80000,0x00000000f5640000,0x00000000f5640000)
  to   space 173824K, 0% used [0x00000000f5640000,0x00000000f5640000,0x0000000100000000)
 ParOldGen       total 759040K, used 565595K [0x00000000a0800000, 0x00000000ced40000, 0x00000000e02b0000)
  object space 759040K, 74% used [0x00000000a0800000,0x00000000c3056d30,0x00000000ced40000)
 PSPermGen       total 21248K, used 3231K [0x000000009b600000, 0x000000009cac0000, 0x00000000a0800000)
  object space 21248K, 15% used [0x000000009b600000,0x000000009b927e18,0x000000009cac0000)

Deoptimization events (10 events):
Event: 3.834 Thread 0x0000000001edc800 Uncommon trap -34 fr.pc 0x000000000232e6c0
Event: 3.834 Thread 0x0000000001edc800 Uncommon trap -34 fr.pc 0x000000000232e6c0
Event: 3.836 Thread 0x0000000001edc800 Uncommon trap -34 fr.pc 0x000000000230f050
Event: 3.837 Thread 0x0000000001edc800 Uncommon trap -34 fr.pc 0x000000000230f050
Event: 10.279 Thread 0x0000000001edc800 Uncommon trap -34 fr.pc 0x000000000230f050
Event: 10.381 Thread 0x0000000001edc800 Uncommon trap -34 fr.pc 0x000000000230f050
Event: 10.433 Thread 0x0000000001edc800 Uncommon trap -83 fr.pc 0x00000000022f5290
Event: 10.520 Thread 0x0000000001edc800 Uncommon trap -83 fr.pc 0x000000000231c06c
Event: 11.148 Thread 0x0000000001edc800 Uncommon trap -34 fr.pc 0x0000000002314c40
Event: 468.743 Thread 0x0000000001edc800 Uncommon trap 74 fr.pc 0x00000000023209cc

Internal exceptions (10 events):
Event: 0.104 Thread 0x0000000001edc800 Threw 0x00000000e0309040 at C:\jdk7u1_64p\jdk7u7\hotspot\src\share\vm\prims\jvm.cpp:1166
Event: 0.108 Thread 0x0000000001edc800 Threw 0x00000000e0322e28 at C:\jdk7u1_64p\jdk7u7\hotspot\src\share\vm\prims\jvm.cpp:1166
Event: 0.128 Thread 0x0000000001edc800 Threw 0x00000000e03447b0 at C:\jdk7u1_64p\jdk7u7\hotspot\src\share\vm\prims\jvm.cpp:1166
Event: 0.128 Thread 0x0000000001edc800 Threw 0x00000000e03448d8 at C:\jdk7u1_64p\jdk7u7\hotspot\src\share\vm\prims\jvm.cpp:1166
Event: 0.129 Thread 0x0000000001edc800 Threw 0x00000000e0347ed0 at C:\jdk7u1_64p\jdk7u7\hotspot\src\share\vm\prims\jvm.cpp:1166
Event: 0.129 Thread 0x0000000001edc800 Threw 0x00000000e0347ff8 at C:\jdk7u1_64p\jdk7u7\hotspot\src\share\vm\prims\jvm.cpp:1166
Event: 3.835 Thread 0x0000000001edc800 Threw 0x00000000ecdf7790 at C:\jdk7u1_64p\jdk7u7\hotspot\src\share\vm\prims\jvm.cpp:1166
Event: 3.837 Thread 0x0000000001edc800 Threw 0x00000000ecdfeb20 at C:\jdk7u1_64p\jdk7u7\hotspot\src\share\vm\prims\jvm.cpp:1166
Event: 10.278 Thread 0x0000000001edc800 Threw 0x00000000e5e110f0 at C:\jdk7u1_64p\jdk7u7\hotspot\src\share\vm\prims\jvm.cpp:1166
Event: 10.381 Thread 0x0000000001edc800 Threw 0x00000000e5e59c88 at C:\jdk7u1_64p\jdk7u7\hotspot\src\share\vm\prims\jvm.cpp:1166

Events (10 events):
Event: 5017.209 Executing VM operation: ParallelGCFailedAllocation done
Event: 5235.387 Executing VM operation: ParallelGCFailedAllocation
Event: 5235.848 Executing VM operation: ParallelGCFailedAllocation done
Event: 5236.470 Executing VM operation: ParallelGCFailedAllocation
Event: 5245.754 Executing VM operation: ParallelGCFailedAllocation done
Event: 5252.037 Executing VM operation: ParallelGCFailedAllocation
Event: 5252.145 Executing VM operation: ParallelGCFailedAllocation done
Event: 5252.524 Executing VM operation: ParallelGCFailedAllocation
Event: 5253.077 Executing VM operation: ParallelGCFailedAllocation done
Event: 5253.696 Executing VM operation: ParallelGCFailedAllocation


Dynamic libraries:
0x000000013fe40000 - 0x000000013fe74000 	C:\Program Files\Java\jre7\bin\javaw.exe
0x00000000774a0000 - 0x0000000077649000 	C:\Windows\SYSTEM32\ntdll.dll
0x0000000077020000 - 0x000000007713f000 	C:\Windows\system32\kernel32.dll
0x000007fefcef0000 - 0x000007fefcf5c000 	C:\Windows\system32\KERNELBASE.dll
0x000007fefdac0000 - 0x000007fefdb9b000 	C:\Windows\system32\ADVAPI32.dll
0x000007fefd270000 - 0x000007fefd30f000 	C:\Windows\system32\msvcrt.dll
0x000007fefeba0000 - 0x000007fefebbf000 	C:\Windows\SYSTEM32\sechost.dll
0x000007fefd760000 - 0x000007fefd88d000 	C:\Windows\system32\RPCRT4.dll
0x0000000076f20000 - 0x000000007701a000 	C:\Windows\system32\USER32.dll
0x000007fefd5e0000 - 0x000007fefd647000 	C:\Windows\system32\GDI32.dll
0x000007fefd390000 - 0x000007fefd39e000 	C:\Windows\system32\LPK.dll
0x000007fefead0000 - 0x000007fefeb99000 	C:\Windows\system32\USP10.dll
0x000007fefb7c0000 - 0x000007fefb9b4000 	C:\Windows\WinSxS\amd64_microsoft.windows.common-controls_6595b64144ccf1df_6.0.7601.17514_none_fa396087175ac9ac\COMCTL32.dll
0x000007fefd310000 - 0x000007fefd381000 	C:\Windows\system32\SHLWAPI.dll
0x000007fefebc0000 - 0x000007fefebee000 	C:\Windows\system32\IMM32.DLL
0x000007fefd650000 - 0x000007fefd759000 	C:\Windows\system32\MSCTF.dll
0x000000006ce30000 - 0x000000006cf01000 	C:\Program Files\Java\jre7\bin\msvcr100.dll
0x000000006c710000 - 0x000000006ce2f000 	C:\Program Files\Java\jre7\bin\server\jvm.dll
0x000007fef4cc0000 - 0x000007fef4cc9000 	C:\Windows\system32\WSOCK32.dll
0x000007fefe9d0000 - 0x000007fefea1d000 	C:\Windows\system32\WS2_32.dll
0x000007fefeac0000 - 0x000007fefeac8000 	C:\Windows\system32\NSI.dll
0x000007fefa4f0000 - 0x000007fefa52b000 	C:\Windows\system32\WINMM.dll
0x0000000077660000 - 0x0000000077667000 	C:\Windows\system32\PSAPI.DLL
0x0000000073760000 - 0x000000007376f000 	C:\Program Files\Java\jre7\bin\verify.dll
0x0000000073730000 - 0x0000000073758000 	C:\Program Files\Java\jre7\bin\java.dll
0x0000000073710000 - 0x0000000073725000 	C:\Program Files\Java\jre7\bin\zip.dll
0x000007fef8a00000 - 0x000007fef8b25000 	C:\Windows\system32\dbghelp.dll

VM Arguments:
jvm_args: -Dfile.encoding=Cp1252 
java_command: com.colin.wielga.Runner
Launcher Type: SUN_STANDARD

Environment Variables:
CLASSPATH=.;C:\Program Files (x86)\Java\jre6\lib\ext\QTJava.zip
PATH=C:\Program Files\Common Files\Microsoft Shared\Windows Live;C:\Program Files (x86)\Common Files\Microsoft Shared\Windows Live;C:\Windows\system32;C:\Windows;C:\Windows\System32\Wbem;C:\Windows\System32\WindowsPowerShell\v1.0\;C:\Program Files (x86)\ATI Technologies\ATI.ACE\Core-Static;c:\Program Files (x86)\Microsoft SQL Server\100\Tools\Binn\;c:\Program Files (x86)\Microsoft SQL Server\100\DTS\Binn\;C:\Program Files (x86)\Windows Live\Shared;c:\Program Files\Microsoft SQL Server\100\Tools\Binn\;c:\Program Files\Microsoft SQL Server\100\DTS\Binn\;c:\Program Files (x86)\Microsoft ASP.NET\ASP.NET Web Pages\v1.0\;C:\Users\Colin\AppData\Roaming\npm;C:\Program Files (x86)\nodejs\;C:\Users\Colin\Documents\School\Thesis\hla;C:\Program Files (x86)\QuickTime\QTSystem\
USERNAME=Colin
OS=Windows_NT
PROCESSOR_IDENTIFIER=Intel64 Family 6 Model 23 Stepping 10, GenuineIntel



---------------  S Y S T E M  ---------------

OS: Windows 7 , 64 bit Build 7601 Service Pack 1

CPU:total 4 (4 cores per cpu, 1 threads per core) family 6 model 23 stepping 10, cmov, cx8, fxsr, mmx, sse, sse2, sse3, ssse3, sse4.1, tsc

Memory: 4k page, physical 6257856k(1998516k free), swap 7408608k(1812124k free)

vm_info: Java HotSpot(TM) 64-Bit Server VM (23.3-b01) for windows-amd64 JRE (1.7.0_07-b11), built on Sep  7 2012 01:19:25 by "java_re" with unknown MS VC++:1600

time: Thu Dec 27 20:30:57 2012
elapsed time: 5255 seconds

