#
# A fatal error has been detected by the Java Runtime Environment:
#
#  EXCEPTION_ACCESS_VIOLATION (0xc0000005) at pc=0x000000006a155422, pid=3424, tid=5392
#
# JRE version: 7.0_07-b11
# Java VM: Java HotSpot(TM) 64-Bit Server VM (23.3-b01 mixed mode windows-amd64 compressed oops)
# Problematic frame:
# V  [jvm.dll+0x25422]
#
# Failed to write core dump. Minidumps are not enabled by default on client versions of Windows
#
# If you would like to submit a bug report, please visit:
#   http://bugreport.sun.com/bugreport/crash.jsp
#

---------------  T H R E A D  ---------------

Current thread (0x0000000001cf4000):  GCTaskThread [stack: 0x00000000057a0000,0x00000000058a0000] [id=5392]

siginfo: ExceptionCode=0xc0000005, reading address 0x00001cf000001151

Registers:
RAX=0x00001cf0000010a9, RBX=0x00000000aac02af8, RCX=0x00000000abc02b08, RDX=0x00000000aac02af8
RSP=0x000000000589f688, RBP=0x0000000001d978a0, RSI=0x00000000a80cde38, RDI=0x00000000aac02af8
R8 =0x0000000000000009, R9 =0x00000000abc02b08, R10=0x000000000000000c, R11=0x0000000000834200
R12=0x00000000a80ce638, R13=0x0000000000834400, R14=0x00000000a5ffd628, R15=0x00000000015ef3c0
RIP=0x000000006a155422, EFLAGS=0x0000000000010202

Top of Stack: (sp=0x000000000589f688)
0x000000000589f688:   000000006a1ddf4b 0000000001d978a0
0x000000000589f698:   000000006a1f9c2b 000000009b602dc0
0x000000000589f6a8:   00000000a0823bec 00000000aac02af8
0x000000000589f6b8:   000000006a2203fa 0000000000000011
0x000000000589f6c8:   0000000001cf4330 0000000001cf2fc0
0x000000000589f6d8:   000000006a449cd9 00000000a5ffd628
0x000000000589f6e8:   000000006a2e5ff2 0000000000000000
0x000000000589f6f8:   0000000001cf4330 0000000001cf2fc0
0x000000000589f708:   0000000000000000 0000000000000011
0x000000000589f718:   000000006a48929d 0000000001d978a0
0x000000000589f728:   0000000000000000 000000006a686210
0x000000000589f738:   0003cb6200000011 0000000001cf4f00
0x000000000589f748:   00025fa90000001a 00000000a5ffd628
0x000000000589f758:   0000000000834200 0000000001cabeb0
0x000000000589f768:   00025fa90000001a 0000000001cf4000
0x000000000589f778:   0000000001cf2fc0 0000000001cf4340 

Instructions: (pc=0x000000006a155422)
0x000000006a155402:   e2 49 8d 0c 11 49 f7 d1 48 03 c1 49 c1 e9 03 48
0x000000006a155412:   c1 e8 03 41 23 c1 c3 48 8b 02 48 8b d1 49 8b c9
0x000000006a155422:   48 ff a0 a8 00 00 00 cc cc cc cc cc cc cc 80 3d
0x000000006a155432:   b1 68 68 00 00 48 8b c1 74 1f 8b 51 08 8b 0d d3 


Register to memory mapping:

RAX=0x00001cf0000010a9 is an unknown value
RBX=0x00000000aac02af8 is an oop
[[I 
 - klass: {type array int}[]
 - length: 23000000
RCX=0x00000000abc02b08 is an oop
[I 
 - klass: {type array int}
 - length: 2
RDX=0x00000000aac02af8 is an oop
[[I 
 - klass: {type array int}[]
 - length: 23000000
RSP=0x000000000589f688 is an unknown value
RBP=0x0000000001d978a0 is an unknown value
RSI=0x00000000a80cde38 is an oop
[[I 
 - klass: {type array int}[]
 - length: 23000000
RDI=0x00000000aac02af8 is an oop
[[I 
 - klass: {type array int}[]
 - length: 23000000
R8 =0x0000000000000009 is an unknown value
R9 =0x00000000abc02b08 is an oop
[I 
 - klass: {type array int}
 - length: 2
R10=0x000000000000000c is an unknown value
R11=0x0000000000834200 is an unknown value
R12=0x00000000a80ce638 is an oop
[[I 
 - klass: {type array int}[]
 - length: 23000000
R13=0x0000000000834400 is an unknown value
R14=0x00000000a5ffd628 is an oop
[[I 
 - klass: {type array int}[]
 - length: 23000000
R15=0x00000000015ef3c0 is an unknown value


Stack: [0x00000000057a0000,0x00000000058a0000],  sp=0x000000000589f688,  free space=1021k
Native frames: (J=compiled Java code, j=interpreted, Vv=VM code, C=native code)
V  [jvm.dll+0x25422]


---------------  P R O C E S S  ---------------

Java Threads: ( => current thread )
  0x0000000009f4d000 JavaThread "Service Thread" daemon [_thread_blocked, id=5568, stack(0x000000000b950000,0x000000000ba50000)]
  0x0000000009f4c800 JavaThread "C2 CompilerThread1" daemon [_thread_blocked, id=5148, stack(0x000000000b720000,0x000000000b820000)]
  0x0000000009f46800 JavaThread "C2 CompilerThread0" daemon [_thread_blocked, id=1320, stack(0x000000000b5e0000,0x000000000b6e0000)]
  0x0000000009f45000 JavaThread "Attach Listener" daemon [_thread_blocked, id=4640, stack(0x000000000b3e0000,0x000000000b4e0000)]
  0x0000000009f3e000 JavaThread "Signal Dispatcher" daemon [_thread_blocked, id=5844, stack(0x000000000b1e0000,0x000000000b2e0000)]
  0x0000000001da5800 JavaThread "Finalizer" daemon [_thread_blocked, id=4696, stack(0x000000000b0d0000,0x000000000b1d0000)]
  0x0000000001d9f000 JavaThread "Reference Handler" daemon [_thread_blocked, id=4240, stack(0x000000000ae40000,0x000000000af40000)]
  0x0000000001cac800 JavaThread "main" [_thread_blocked, id=4376, stack(0x0000000002060000,0x0000000002160000)]

Other Threads:
  0x0000000009ec2800 VMThread [stack: 0x000000000ac80000,0x000000000ad80000] [id=3488]
  0x0000000009f68800 WatcherThread [stack: 0x000000000af90000,0x000000000b090000] [id=4316]

=>0x0000000001cf4000 (exited) GCTaskThread [stack: 0x00000000057a0000,0x00000000058a0000] [id=5392]

VM state:at safepoint (normal execution)

VM Mutex/Monitor currently owned by a thread:  ([mutex/lock_event])
[0x0000000001caae30] Threads_lock - owner thread: 0x0000000009ec2800
[0x0000000001cab330] Heap_lock - owner thread: 0x0000000001cac800

Heap
 PSYoungGen      total 347712K, used 173824K [0x00000000e02b0000, 0x0000000100000000, 0x0000000100000000)
  eden space 173888K, 0% used [0x00000000e02b0000,0x00000000e02b0000,0x00000000eac80000)
  from space 173824K, 100% used [0x00000000eac80000,0x00000000f5640000,0x00000000f5640000)
  to   space 173824K, 0% used [0x00000000f5640000,0x00000000f5640000,0x0000000100000000)
 ParOldGen       total 1043136K, used 867952K [0x00000000a0800000, 0x00000000e02b0000, 0x00000000e02b0000)
  object space 1043136K, 83% used [0x00000000a0800000,0x00000000d579c1b0,0x00000000e02b0000)
 PSPermGen       total 21248K, used 3231K [0x000000009b600000, 0x000000009cac0000, 0x00000000a0800000)
  object space 21248K, 15% used [0x000000009b600000,0x000000009b927f98,0x000000009cac0000)

Card table byte_map: [0x0000000005160000,0x0000000005490000] byte_map_base: 0x0000000004c85000

Polling page: 0x0000000000090000

Code Cache  [0x0000000002160000, 0x00000000023d0000, 0x0000000005160000)
 total_blobs=314 nmethods=124 adapters=141 free_code_cache=48148Kb largest_free_block=49230080

Compilation events (10 events):
Event: 217.814 Thread 0x0000000009f4c800 nmethod 113 0x0000000002225d90 code [0x0000000002225ee0, 0x0000000002225ff8]
Event: 217.815 Thread 0x0000000009f46800 nmethod 114 0x0000000002225a90 code [0x0000000002225be0, 0x0000000002225cd8]
Event: 385.807 Thread 0x0000000009f4c800   12 %           com.colin.wielga.StraightCoexistArray::set @ 533 (594 bytes)
Event: 385.813 Thread 0x0000000009f4c800 nmethod 12% 0x0000000002223990 code [0x0000000002223ae0, 0x0000000002223dd8]
Event: 385.832 Thread 0x0000000009f46800  115             com.colin.wielga.StraightCoexistArray::set (594 bytes)
Event: 385.884 Thread 0x0000000009f46800 nmethod 115 0x00000000022198d0 code [0x0000000002219ac0, 0x000000000221b0a8]
Event: 2488.239 Thread 0x0000000009f4c800  116             com.colin.wielga.StraightCoexistArray::insert (10 bytes)
Event: 2488.244 Thread 0x0000000009f4c800 nmethod 116 0x0000000002219150 code [0x00000000022192a0, 0x00000000022195a8]
Event: 3899.324 Thread 0x0000000009f46800  117             com.colin.wielga.BestResult::<init> (30 bytes)
Event: 3899.325 Thread 0x0000000009f46800 nmethod 117 0x00000000021c2850 code [0x00000000021c2980, 0x00000000021c29f8]

GC Heap History (10 events):
Event: 4426.932 GC heap after
Heap after GC invocations=58 (full 13):
 PSYoungGen      total 347712K, used 0K [0x00000000e02b0000, 0x0000000100000000, 0x0000000100000000)
  eden space 173888K, 0% used [0x00000000e02b0000,0x00000000e02b0000,0x00000000eac80000)
  from space 173824K, 0% used [0x00000000eac80000,0x00000000eac80000,0x00000000f5640000)
  to   space 173824K, 0% used [0x00000000f5640000,0x00000000f5640000,0x0000000100000000)
 ParOldGen       total 1043136K, used 531858K [0x00000000a0800000, 0x00000000e02b0000, 0x00000000e02b0000)
  object space 1043136K, 50% used [0x00000000a0800000,0x00000000c0f649a0,0x00000000e02b0000)
 PSPermGen       total 21248K, used 3231K [0x000000009b600000, 0x000000009cac0000, 0x00000000a0800000)
  object space 21248K, 15% used [0x000000009b600000,0x000000009b927f98,0x000000009cac0000)
}
Event: 4427.408 GC heap before
{Heap before GC invocations=59 (full 13):
 PSYoungGen      total 347712K, used 173888K [0x00000000e02b0000, 0x0000000100000000, 0x0000000100000000)
  eden space 173888K, 100% used [0x00000000e02b0000,0x00000000eac80000,0x00000000eac80000)
  from space 173824K, 0% used [0x00000000eac80000,0x00000000eac80000,0x00000000f5640000)
  to   space 173824K, 0% used [0x00000000f5640000,0x00000000f5640000,0x0000000100000000)
 ParOldGen       total 1043136K, used 531858K [0x00000000a0800000, 0x00000000e02b0000, 0x00000000e02b0000)
  object space 1043136K, 50% used [0x00000000a0800000,0x00000000c0f649a0,0x00000000e02b0000)
 PSPermGen       total 21248K, used 3231K [0x000000009b600000, 0x000000009cac0000, 0x00000000a0800000)
  object space 21248K, 15% used [0x000000009b600000,0x000000009b927f98,0x000000009cac0000)
Event: 4428.729 GC heap after
Heap after GC invocations=59 (full 13):
 PSYoungGen      total 347712K, used 173824K [0x00000000e02b0000, 0x0000000100000000, 0x0000000100000000)
  eden space 173888K, 0% used [0x00000000e02b0000,0x00000000e02b0000,0x00000000eac80000)
  from space 173824K, 100% used [0x00000000f5640000,0x0000000100000000,0x0000000100000000)
  to   space 173824K, 0% used [0x00000000eac80000,0x00000000eac80000,0x00000000f5640000)
 ParOldGen       total 1043136K, used 532162K [0x00000000a0800000, 0x00000000e02b0000, 0x00000000e02b0000)
  object space 1043136K, 51% used [0x00000000a0800000,0x00000000c0fb09a0,0x00000000e02b0000)
 PSPermGen       total 21248K, used 3231K [0x000000009b600000, 0x000000009cac0000, 0x00000000a0800000)
  object space 21248K, 15% used [0x000000009b600000,0x000000009b927f98,0x000000009cac0000)
}
Event: 4443.184 GC heap before
{Heap before GC invocations=60 (full 13):
 PSYoungGen      total 347712K, used 347712K [0x00000000e02b0000, 0x0000000100000000, 0x0000000100000000)
  eden space 173888K, 100% used [0x00000000e02b0000,0x00000000eac80000,0x00000000eac80000)
  from space 173824K, 100% used [0x00000000f5640000,0x0000000100000000,0x0000000100000000)
  to   space 173824K, 0% used [0x00000000eac80000,0x00000000eac80000,0x00000000f5640000)
 ParOldGen       total 1043136K, used 532162K [0x00000000a0800000, 0x00000000e02b0000, 0x00000000e02b0000)
  object space 1043136K, 51% used [0x00000000a0800000,0x00000000c0fb09a0,0x00000000e02b0000)
 PSPermGen       total 21248K, used 3231K [0x000000009b600000, 0x000000009cac0000, 0x00000000a0800000)
  object space 21248K, 15% used [0x000000009b600000,0x000000009b927f98,0x000000009cac0000)
Event: 4443.717 GC heap after
Heap after GC invocations=60 (full 13):
 PSYoungGen      total 347712K, used 160758K [0x00000000e02b0000, 0x0000000100000000, 0x0000000100000000)
  eden space 173888K, 0% used [0x00000000e02b0000,0x00000000e02b0000,0x00000000eac80000)
  from space 173824K, 92% used [0x00000000eac80000,0x00000000f497d810,0x00000000f5640000)
  to   space 173824K, 0% used [0x00000000f5640000,0x00000000f5640000,0x0000000100000000)
 ParOldGen       total 1043136K, used 532162K [0x00000000a0800000, 0x00000000e02b0000, 0x00000000e02b0000)
  object space 1043136K, 51% used [0x00000000a0800000,0x00000000c0fb09a0,0x00000000e02b0000)
 PSPermGen       total 21248K, used 3231K [0x000000009b600000, 0x000000009cac0000, 0x00000000a0800000)
  object space 21248K, 15% used [0x000000009b600000,0x000000009b927f98,0x000000009cac0000)
}
Event: 4444.198 GC heap before
{Heap before GC invocations=61 (full 13):
 PSYoungGen      total 347712K, used 334646K [0x00000000e02b0000, 0x0000000100000000, 0x0000000100000000)
  eden space 173888K, 100% used [0x00000000e02b0000,0x00000000eac80000,0x00000000eac80000)
  from space 173824K, 92% used [0x00000000eac80000,0x00000000f497d810,0x00000000f5640000)
  to   space 173824K, 0% used [0x00000000f5640000,0x00000000f5640000,0x0000000100000000)
 ParOldGen       total 1043136K, used 532162K [0x00000000a0800000, 0x00000000e02b0000, 0x00000000e02b0000)
  object space 1043136K, 51% used [0x00000000a0800000,0x00000000c0fb09a0,0x00000000e02b0000)
 PSPermGen       total 21248K, used 3231K [0x000000009b600000, 0x000000009cac0000, 0x00000000a0800000)
  object space 21248K, 15% used [0x000000009b600000,0x000000009b927f98,0x000000009cac0000)
Event: 4445.383 GC heap after
Heap after GC invocations=61 (full 13):
 PSYoungGen      total 347712K, used 173824K [0x00000000e02b0000, 0x0000000100000000, 0x0000000100000000)
  eden space 173888K, 0% used [0x00000000e02b0000,0x00000000e02b0000,0x00000000eac80000)
  from space 173824K, 100% used [0x00000000f5640000,0x0000000100000000,0x0000000100000000)
  to   space 173824K, 0% used [0x00000000eac80000,0x00000000eac80000,0x00000000f5640000)
 ParOldGen       total 1043136K, used 693296K [0x00000000a0800000, 0x00000000e02b0000, 0x00000000e02b0000)
  object space 1043136K, 66% used [0x00000000a0800000,0x00000000cad0c1b0,0x00000000e02b0000)
 PSPermGen       total 21248K, used 3231K [0x000000009b600000, 0x000000009cac0000, 0x00000000a0800000)
  object space 21248K, 15% used [0x000000009b600000,0x000000009b927f98,0x000000009cac0000)
}
Event: 4445.880 GC heap before
{Heap before GC invocations=62 (full 13):
 PSYoungGen      total 347712K, used 347712K [0x00000000e02b0000, 0x0000000100000000, 0x0000000100000000)
  eden space 173888K, 100% used [0x00000000e02b0000,0x00000000eac80000,0x00000000eac80000)
  from space 173824K, 100% used [0x00000000f5640000,0x0000000100000000,0x0000000100000000)
  to   space 173824K, 0% used [0x00000000eac80000,0x00000000eac80000,0x00000000f5640000)
 ParOldGen       total 1043136K, used 693296K [0x00000000a0800000, 0x00000000e02b0000, 0x00000000e02b0000)
  object space 1043136K, 66% used [0x00000000a0800000,0x00000000cad0c1b0,0x00000000e02b0000)
 PSPermGen       total 21248K, used 3231K [0x000000009b600000, 0x000000009cac0000, 0x00000000a0800000)
  object space 21248K, 15% used [0x000000009b600000,0x000000009b927f98,0x000000009cac0000)
Event: 4449.069 GC heap after
Heap after GC invocations=62 (full 13):
 PSYoungGen      total 347712K, used 173824K [0x00000000e02b0000, 0x0000000100000000, 0x0000000100000000)
  eden space 173888K, 0% used [0x00000000e02b0000,0x00000000e02b0000,0x00000000eac80000)
  from space 173824K, 100% used [0x00000000eac80000,0x00000000f5640000,0x00000000f5640000)
  to   space 173824K, 0% used [0x00000000f5640000,0x00000000f5640000,0x0000000100000000)
 ParOldGen       total 1043136K, used 867952K [0x00000000a0800000, 0x00000000e02b0000, 0x00000000e02b0000)
  object space 1043136K, 83% used [0x00000000a0800000,0x00000000d579c1b0,0x00000000e02b0000)
 PSPermGen       total 21248K, used 3231K [0x000000009b600000, 0x000000009cac0000, 0x00000000a0800000)
  object space 21248K, 15% used [0x000000009b600000,0x000000009b927f98,0x000000009cac0000)
}
Event: 4449.069 GC heap before
{Heap before GC invocations=63 (full 14):
 PSYoungGen      total 347712K, used 173824K [0x00000000e02b0000, 0x0000000100000000, 0x0000000100000000)
  eden space 173888K, 0% used [0x00000000e02b0000,0x00000000e02b0000,0x00000000eac80000)
  from space 173824K, 100% used [0x00000000eac80000,0x00000000f5640000,0x00000000f5640000)
  to   space 173824K, 0% used [0x00000000f5640000,0x00000000f5640000,0x0000000100000000)
 ParOldGen       total 1043136K, used 867952K [0x00000000a0800000, 0x00000000e02b0000, 0x00000000e02b0000)
  object space 1043136K, 83% used [0x00000000a0800000,0x00000000d579c1b0,0x00000000e02b0000)
 PSPermGen       total 21248K, used 3231K [0x000000009b600000, 0x000000009cac0000, 0x00000000a0800000)
  object space 21248K, 15% used [0x000000009b600000,0x000000009b927f98,0x000000009cac0000)

Deoptimization events (10 events):
Event: 3.583 Thread 0x0000000001cac800 Uncommon trap -34 fr.pc 0x00000000021fe700
Event: 3.584 Thread 0x0000000001cac800 Uncommon trap -34 fr.pc 0x00000000021fe140
Event: 3.584 Thread 0x0000000001cac800 Uncommon trap -34 fr.pc 0x00000000021d4510
Event: 3.586 Thread 0x0000000001cac800 Uncommon trap -34 fr.pc 0x00000000021d4510
Event: 8.391 Thread 0x0000000001cac800 Uncommon trap -34 fr.pc 0x00000000021d4510
Event: 8.462 Thread 0x0000000001cac800 Uncommon trap -34 fr.pc 0x00000000021d4510
Event: 8.524 Thread 0x0000000001cac800 Uncommon trap -83 fr.pc 0x00000000021cfe50
Event: 8.647 Thread 0x0000000001cac800 Uncommon trap -83 fr.pc 0x00000000021ec644
Event: 8.648 Thread 0x0000000001cac800 Uncommon trap 100 fr.pc 0x000000000222f59c
Event: 385.806 Thread 0x0000000001cac800 Uncommon trap 51 fr.pc 0x00000000021f1e18

Internal exceptions (10 events):
Event: 0.109 Thread 0x0000000001cac800 Threw 0x00000000e0309070 at C:\jdk7u1_64p\jdk7u7\hotspot\src\share\vm\prims\jvm.cpp:1166
Event: 0.113 Thread 0x0000000001cac800 Threw 0x00000000e0322e58 at C:\jdk7u1_64p\jdk7u7\hotspot\src\share\vm\prims\jvm.cpp:1166
Event: 0.133 Thread 0x0000000001cac800 Threw 0x00000000e03447e0 at C:\jdk7u1_64p\jdk7u7\hotspot\src\share\vm\prims\jvm.cpp:1166
Event: 0.133 Thread 0x0000000001cac800 Threw 0x00000000e0344908 at C:\jdk7u1_64p\jdk7u7\hotspot\src\share\vm\prims\jvm.cpp:1166
Event: 0.134 Thread 0x0000000001cac800 Threw 0x00000000e0347f00 at C:\jdk7u1_64p\jdk7u7\hotspot\src\share\vm\prims\jvm.cpp:1166
Event: 0.134 Thread 0x0000000001cac800 Threw 0x00000000e0348028 at C:\jdk7u1_64p\jdk7u7\hotspot\src\share\vm\prims\jvm.cpp:1166
Event: 3.584 Thread 0x0000000001cac800 Threw 0x00000000ea05f428 at C:\jdk7u1_64p\jdk7u7\hotspot\src\share\vm\prims\jvm.cpp:1166
Event: 3.585 Thread 0x0000000001cac800 Threw 0x00000000ea066550 at C:\jdk7u1_64p\jdk7u7\hotspot\src\share\vm\prims\jvm.cpp:1166
Event: 8.390 Thread 0x0000000001cac800 Threw 0x00000000e7c50b28 at C:\jdk7u1_64p\jdk7u7\hotspot\src\share\vm\prims\jvm.cpp:1166
Event: 8.461 Thread 0x0000000001cac800 Threw 0x00000000e7c944a8 at C:\jdk7u1_64p\jdk7u7\hotspot\src\share\vm\prims\jvm.cpp:1166

Events (10 events):
Event: 4413.618 Executing VM operation: ParallelGCFailedAllocation done
Event: 4414.108 Executing VM operation: ParallelGCFailedAllocation
Event: 4426.932 Executing VM operation: ParallelGCFailedAllocation done
Event: 4427.408 Executing VM operation: ParallelGCFailedAllocation
Event: 4428.729 Executing VM operation: ParallelGCFailedAllocation done
Event: 4443.184 Executing VM operation: ParallelGCFailedAllocation
Event: 4443.717 Executing VM operation: ParallelGCFailedAllocation done
Event: 4444.198 Executing VM operation: ParallelGCFailedAllocation
Event: 4445.383 Executing VM operation: ParallelGCFailedAllocation done
Event: 4445.880 Executing VM operation: ParallelGCFailedAllocation


Dynamic libraries:
0x000000013f680000 - 0x000000013f6b4000 	C:\Program Files\Java\jre7\bin\javaw.exe
0x0000000077900000 - 0x0000000077aa9000 	C:\Windows\SYSTEM32\ntdll.dll
0x0000000077480000 - 0x000000007759f000 	C:\Windows\system32\kernel32.dll
0x000007fefd4a0000 - 0x000007fefd50c000 	C:\Windows\system32\KERNELBASE.dll
0x000007fefeb00000 - 0x000007fefebdb000 	C:\Windows\system32\ADVAPI32.dll
0x000007fefee30000 - 0x000007fefeecf000 	C:\Windows\system32\msvcrt.dll
0x000007fefefb0000 - 0x000007fefefcf000 	C:\Windows\SYSTEM32\sechost.dll
0x000007fefec90000 - 0x000007fefedbd000 	C:\Windows\system32\RPCRT4.dll
0x0000000077220000 - 0x000000007731a000 	C:\Windows\system32\USER32.dll
0x000007fefd9a0000 - 0x000007fefda07000 	C:\Windows\system32\GDI32.dll
0x000007fefec80000 - 0x000007fefec8e000 	C:\Windows\system32\LPK.dll
0x000007fefd690000 - 0x000007fefd759000 	C:\Windows\system32\USP10.dll
0x000007fefbdc0000 - 0x000007fefbfb4000 	C:\Windows\WinSxS\amd64_microsoft.windows.common-controls_6595b64144ccf1df_6.0.7601.17514_none_fa396087175ac9ac\COMCTL32.dll
0x000007fefd570000 - 0x000007fefd5e1000 	C:\Windows\system32\SHLWAPI.dll
0x000007fefead0000 - 0x000007fefeafe000 	C:\Windows\system32\IMM32.DLL
0x000007fefe9c0000 - 0x000007fefeac9000 	C:\Windows\system32\MSCTF.dll
0x000000006a850000 - 0x000000006a921000 	C:\Program Files\Java\jre7\bin\msvcr100.dll
0x000000006a130000 - 0x000000006a84f000 	C:\Program Files\Java\jre7\bin\server\jvm.dll
0x000007fefac40000 - 0x000007fefac49000 	C:\Windows\system32\WSOCK32.dll
0x000007fefedc0000 - 0x000007fefee0d000 	C:\Windows\system32\WS2_32.dll
0x000007fefe9b0000 - 0x000007fefe9b8000 	C:\Windows\system32\NSI.dll
0x000007fefae50000 - 0x000007fefae8b000 	C:\Windows\system32\WINMM.dll
0x0000000077ad0000 - 0x0000000077ad7000 	C:\Windows\system32\PSAPI.DLL
0x000000006c3a0000 - 0x000000006c3af000 	C:\Program Files\Java\jre7\bin\verify.dll
0x000000006a100000 - 0x000000006a128000 	C:\Program Files\Java\jre7\bin\java.dll
0x000000006c380000 - 0x000000006c395000 	C:\Program Files\Java\jre7\bin\zip.dll
0x000007fefa700000 - 0x000007fefa825000 	C:\Windows\system32\dbghelp.dll

VM Arguments:
jvm_args: -Dfile.encoding=Cp1252 
java_command: com.colin.wielga.Runner
Launcher Type: SUN_STANDARD

Environment Variables:
CLASSPATH=.;C:\Program Files (x86)\Java\jre6\lib\ext\QTJava.zip
PATH=C:\Program Files\Common Files\Microsoft Shared\Windows Live;C:\Program Files (x86)\Common Files\Microsoft Shared\Windows Live;C:\Windows\system32;C:\Windows;C:\Windows\System32\Wbem;C:\Windows\System32\WindowsPowerShell\v1.0\;C:\Program Files (x86)\ATI Technologies\ATI.ACE\Core-Static;c:\Program Files (x86)\Microsoft SQL Server\100\Tools\Binn\;c:\Program Files (x86)\Microsoft SQL Server\100\DTS\Binn\;C:\Program Files (x86)\Windows Live\Shared;c:\Program Files\Microsoft SQL Server\100\Tools\Binn\;c:\Program Files\Microsoft SQL Server\100\DTS\Binn\;c:\Program Files (x86)\Microsoft ASP.NET\ASP.NET Web Pages\v1.0\;C:\Users\Colin\AppData\Roaming\npm;C:\Program Files (x86)\nodejs\;C:\Users\Colin\Documents\School\Thesis\hla;C:\Program Files (x86)\QuickTime\QTSystem\
USERNAME=Colin
OS=Windows_NT
PROCESSOR_IDENTIFIER=Intel64 Family 6 Model 23 Stepping 10, GenuineIntel



---------------  S Y S T E M  ---------------

OS: Windows 7 , 64 bit Build 7601 Service Pack 1

CPU:total 4 (4 cores per cpu, 1 threads per core) family 6 model 23 stepping 10, cmov, cx8, fxsr, mmx, sse, sse2, sse3, ssse3, sse4.1, tsc

Memory: 4k page, physical 6257856k(1450108k free), swap 11207840k(4600760k free)

vm_info: Java HotSpot(TM) 64-Bit Server VM (23.3-b01) for windows-amd64 JRE (1.7.0_07-b11), built on Sep  7 2012 01:19:25 by "java_re" with unknown MS VC++:1600

time: Mon Dec 24 03:37:25 2012
elapsed time: 4449 seconds

